2025-09-18 18:22:26,997 - INFO - main - <module> - ================ SCRIPT START ================
2025-09-18 18:22:26,998 - INFO - main - <module> - Starting iterative processing.
2025-09-18 18:22:26,998 - INFO - main - <module> - First window will process data from: 2025-03-04 11:00:01
2025-09-18 18:22:26,999 - INFO - main - <module> - Processing will cover data up to (exclusive): 2025-05-27 16:00:00
2025-09-18 18:22:26,999 - INFO - main - <module> - Each window duration: 0:30:00
2025-09-18 18:22:27,146 - INFO - main - <module> - ⏳ 正在获取食品基础信息 (一次性)...
2025-09-18 18:22:27,493 - INFO - main - <module> - 成功获取 10 条食品基础信息。
2025-09-18 18:22:27,494 - INFO - main - <module> - --- Iteration 1: Processing window [2025-03-04 11:00:01, 2025-03-04 11:30:01) ---
2025-09-18 18:22:27,494 - INFO - main - <module> - ⏳ 正在查询监控数据 for window: 2025-03-04 11:00:01 to 2025-03-04 11:30:01...
2025-09-18 18:22:27,540 - INFO - main - <module> - 查询到 5 条监控记录。
2025-09-18 18:22:27,540 - INFO - main - <module> - ⏳ 正在处理预测结果并写入数据库...
2025-09-18 18:22:30,940 - INFO - main - <module> - 预测结果处理完成。
2025-09-18 18:22:30,941 - INFO - main - <module> - --- Iteration 2: Processing window [2025-03-04 11:30:01, 2025-03-04 12:00:01) ---
2025-09-18 18:22:30,941 - INFO - main - <module> - ⏳ 正在查询监控数据 for window: 2025-03-04 11:30:01 to 2025-03-04 12:00:01...
2025-09-18 18:22:31,000 - INFO - main - <module> - 查询到 6 条监控记录。
2025-09-18 18:22:31,000 - INFO - main - <module> - ⏳ 正在处理预测结果并写入数据库...
2025-09-18 18:22:33,581 - INFO - main - <module> - 预测结果处理完成。
2025-09-18 18:22:33,581 - INFO - main - <module> - --- Iteration 3: Processing window [2025-03-04 12:00:01, 2025-03-04 12:30:01) ---
2025-09-18 18:22:33,581 - INFO - main - <module> - ⏳ 正在查询监控数据 for window: 2025-03-04 12:00:01 to 2025-03-04 12:30:01...
2025-09-18 18:22:33,632 - INFO - main - <module> - 查询到 6 条监控记录。
2025-09-18 18:22:33,632 - INFO - main - <module> - ⏳ 正在处理预测结果并写入数据库...
2025-09-18 18:22:36,072 - INFO - main - <module> - 预测结果处理完成。
2025-09-18 18:22:36,072 - INFO - main - <module> - --- Iteration 4: Processing window [2025-03-04 12:30:01, 2025-03-04 13:00:01) ---
2025-09-18 18:22:36,072 - INFO - main - <module> - ⏳ 正在查询监控数据 for window: 2025-03-04 12:30:01 to 2025-03-04 13:00:01...
2025-09-18 18:22:36,119 - INFO - main - <module> - 查询到 6 条监控记录。
2025-09-18 18:22:36,119 - INFO - main - <module> - ⏳ 正在处理预测结果并写入数据库...
2025-09-18 18:22:38,651 - INFO - main - <module> - 预测结果处理完成。
2025-09-18 18:22:38,651 - INFO - main - <module> - --- Iteration 5: Processing window [2025-03-04 13:00:01, 2025-03-04 13:30:01) ---
2025-09-18 18:22:38,651 - INFO - main - <module> - ⏳ 正在查询监控数据 for window: 2025-03-04 13:00:01 to 2025-03-04 13:30:01...
2025-09-18 18:22:38,702 - INFO - main - <module> - 查询到 6 条监控记录。
2025-09-18 18:22:38,703 - INFO - main - <module> - ⏳ 正在处理预测结果并写入数据库...
